{"/Users/norton/workspace/personal/react/react-vite-bootstrap/src/App.jsx": {"path":"/Users/norton/workspace/personal/react/react-vite-bootstrap/src/App.jsx","statementMap":{"0":{"start":{"line":12,"column":2},"end":{"line":22,"column":4}}},"fnMap":{"0":{"name":"App","decl":{"start":{"line":11,"column":9},"end":{"line":11,"column":12}},"loc":{"start":{"line":11,"column":15},"end":{"line":23,"column":1}},"line":11}},"branchMap":{},"s":{"0":1},"f":{"0":1},"b":{},"_coverageSchema":"1a1c01bbd47fc00a2c39e90264f33305004495a9","hash":"30fe1a73aad9ad3c5fac881745825b9f3f4420b1"}
,"/Users/norton/workspace/personal/react/react-vite-bootstrap/src/components/Button.jsx": {"path":"/Users/norton/workspace/personal/react/react-vite-bootstrap/src/components/Button.jsx","statementMap":{"0":{"start":{"line":4,"column":15},"end":{"line":14,"column":1}},"1":{"start":{"line":5,"column":2},"end":{"line":13,"column":4}},"2":{"start":{"line":16,"column":0},"end":{"line":20,"column":2}}},"fnMap":{"0":{"name":"(anonymous_0)","decl":{"start":{"line":4,"column":15},"end":{"line":4,"column":16}},"loc":{"start":{"line":4,"column":48},"end":{"line":14,"column":1}},"line":4}},"branchMap":{"0":{"loc":{"start":{"line":8,"column":30},"end":{"line":8,"column":65}},"type":"cond-expr","locations":[{"start":{"line":8,"column":43},"end":{"line":8,"column":53}},{"start":{"line":8,"column":56},"end":{"line":8,"column":65}}],"line":8},"1":{"loc":{"start":{"line":11,"column":8},"end":{"line":11,"column":34}},"type":"cond-expr","locations":[{"start":{"line":11,"column":15},"end":{"line":11,"column":19}},{"start":{"line":11,"column":22},"end":{"line":11,"column":34}}],"line":11}},"s":{"0":2,"1":2,"2":2},"f":{"0":2},"b":{"0":[0,2],"1":[1,1]},"_coverageSchema":"1a1c01bbd47fc00a2c39e90264f33305004495a9","hash":"90092f19b045d452c91eaebc3090e4565581c673"}
,"/Users/norton/workspace/personal/react/react-vite-bootstrap/src/components/Footer.jsx": {"path":"/Users/norton/workspace/personal/react/react-vite-bootstrap/src/components/Footer.jsx","statementMap":{"0":{"start":{"line":2,"column":15},"end":{"line":25,"column":1}},"1":{"start":{"line":4,"column":2},"end":{"line":24,"column":4}}},"fnMap":{"0":{"name":"(anonymous_0)","decl":{"start":{"line":2,"column":15},"end":{"line":2,"column":16}},"loc":{"start":{"line":2,"column":21},"end":{"line":25,"column":1}},"line":2}},"branchMap":{},"s":{"0":2,"1":2},"f":{"0":2},"b":{},"_coverageSchema":"1a1c01bbd47fc00a2c39e90264f33305004495a9","hash":"09b525e6163e117f33737f28824d0c45a1ca3cd8"}
,"/Users/norton/workspace/personal/react/react-vite-bootstrap/src/components/Header.jsx": {"path":"/Users/norton/workspace/personal/react/react-vite-bootstrap/src/components/Header.jsx","statementMap":{"0":{"start":{"line":2,"column":15},"end":{"line":25,"column":1}},"1":{"start":{"line":4,"column":2},"end":{"line":24,"column":4}}},"fnMap":{"0":{"name":"(anonymous_0)","decl":{"start":{"line":2,"column":15},"end":{"line":2,"column":16}},"loc":{"start":{"line":2,"column":21},"end":{"line":25,"column":1}},"line":2}},"branchMap":{},"s":{"0":2,"1":2},"f":{"0":2},"b":{},"_coverageSchema":"1a1c01bbd47fc00a2c39e90264f33305004495a9","hash":"589f2867c707f04357f6ec3f53cc31fd9ce78acf"}
,"/Users/norton/workspace/personal/react/react-vite-bootstrap/src/components/Input.jsx": {"path":"/Users/norton/workspace/personal/react/react-vite-bootstrap/src/components/Input.jsx","statementMap":{"0":{"start":{"line":3,"column":14},"end":{"line":22,"column":1}},"1":{"start":{"line":4,"column":2},"end":{"line":21,"column":4}},"2":{"start":{"line":24,"column":0},"end":{"line":34,"column":2}}},"fnMap":{"0":{"name":"(anonymous_0)","decl":{"start":{"line":3,"column":14},"end":{"line":3,"column":15}},"loc":{"start":{"line":3,"column":98},"end":{"line":22,"column":1}},"line":3}},"branchMap":{"0":{"loc":{"start":{"line":11,"column":43},"end":{"line":11,"column":69}},"type":"cond-expr","locations":[{"start":{"line":11,"column":55},"end":{"line":11,"column":64}},{"start":{"line":11,"column":67},"end":{"line":11,"column":69}}],"line":11}},"s":{"0":2,"1":3,"2":2},"f":{"0":3},"b":{"0":[0,3]},"_coverageSchema":"1a1c01bbd47fc00a2c39e90264f33305004495a9","hash":"48a64cbba8b123bfa7a3d859d727a7ad9d8facf2"}
,"/Users/norton/workspace/personal/react/react-vite-bootstrap/src/components/NotFound.jsx": {"path":"/Users/norton/workspace/personal/react/react-vite-bootstrap/src/components/NotFound.jsx","statementMap":{"0":{"start":{"line":3,"column":17},"end":{"line":13,"column":1}},"1":{"start":{"line":4,"column":16},"end":{"line":4,"column":31}},"2":{"start":{"line":5,"column":2},"end":{"line":5,"column":23}},"3":{"start":{"line":6,"column":2},"end":{"line":12,"column":4}}},"fnMap":{"0":{"name":"(anonymous_0)","decl":{"start":{"line":3,"column":17},"end":{"line":3,"column":18}},"loc":{"start":{"line":3,"column":23},"end":{"line":13,"column":1}},"line":3}},"branchMap":{"0":{"loc":{"start":{"line":10,"column":13},"end":{"line":10,"column":46}},"type":"binary-expr","locations":[{"start":{"line":10,"column":13},"end":{"line":10,"column":29}},{"start":{"line":10,"column":33},"end":{"line":10,"column":46}}],"line":10}},"s":{"0":2,"1":0,"2":0,"3":0},"f":{"0":0},"b":{"0":[0,0]},"_coverageSchema":"1a1c01bbd47fc00a2c39e90264f33305004495a9","hash":"608f6ae1917c48ba2826ae7afe25a8665b502c11"}
,"/Users/norton/workspace/personal/react/react-vite-bootstrap/src/components/Textarea.jsx": {"path":"/Users/norton/workspace/personal/react/react-vite-bootstrap/src/components/Textarea.jsx","statementMap":{"0":{"start":{"line":3,"column":17},"end":{"line":15,"column":1}},"1":{"start":{"line":4,"column":2},"end":{"line":14,"column":4}},"2":{"start":{"line":10,"column":25},"end":{"line":10,"column":53}},"3":{"start":{"line":17,"column":0},"end":{"line":21,"column":2}}},"fnMap":{"0":{"name":"(anonymous_0)","decl":{"start":{"line":3,"column":17},"end":{"line":3,"column":18}},"loc":{"start":{"line":3,"column":50},"end":{"line":15,"column":1}},"line":3},"1":{"name":"(anonymous_1)","decl":{"start":{"line":10,"column":18},"end":{"line":10,"column":19}},"loc":{"start":{"line":10,"column":25},"end":{"line":10,"column":53}},"line":10}},"branchMap":{},"s":{"0":4,"1":5,"2":1,"3":4},"f":{"0":5,"1":1},"b":{},"_coverageSchema":"1a1c01bbd47fc00a2c39e90264f33305004495a9","hash":"810595cfdc8f12f7adc82a08076330b97ed70aa8"}
,"/Users/norton/workspace/personal/react/react-vite-bootstrap/src/components/text-analyzer/Analyzer.jsx": {"path":"/Users/norton/workspace/personal/react/react-vite-bootstrap/src/components/text-analyzer/Analyzer.jsx","statementMap":{"0":{"start":{"line":5,"column":17},"end":{"line":69,"column":1}},"1":{"start":{"line":6,"column":32},"end":{"line":6,"column":44}},"2":{"start":{"line":9,"column":4},"end":{"line":9,"column":24}},"3":{"start":{"line":13,"column":4},"end":{"line":16,"column":5}},"4":{"start":{"line":14,"column":20},"end":{"line":14,"column":38}},"5":{"start":{"line":15,"column":6},"end":{"line":15,"column":27}},"6":{"start":{"line":17,"column":4},"end":{"line":17,"column":13}},"7":{"start":{"line":21,"column":23},"end":{"line":21,"column":40}},"8":{"start":{"line":22,"column":4},"end":{"line":22,"column":35}},"9":{"start":{"line":26,"column":22},"end":{"line":26,"column":57}},"10":{"start":{"line":27,"column":4},"end":{"line":27,"column":34}},"11":{"start":{"line":31,"column":4},"end":{"line":34,"column":5}},"12":{"start":{"line":32,"column":25},"end":{"line":32,"column":47}},"13":{"start":{"line":33,"column":6},"end":{"line":33,"column":32}},"14":{"start":{"line":35,"column":4},"end":{"line":35,"column":13}},"15":{"start":{"line":38,"column":2},"end":{"line":68,"column":4}}},"fnMap":{"0":{"name":"(anonymous_0)","decl":{"start":{"line":5,"column":17},"end":{"line":5,"column":18}},"loc":{"start":{"line":5,"column":23},"end":{"line":69,"column":1}},"line":5},"1":{"name":"onChangeText","decl":{"start":{"line":8,"column":11},"end":{"line":8,"column":23}},"loc":{"start":{"line":8,"column":33},"end":{"line":10,"column":3}},"line":8},"2":{"name":"wordCounter","decl":{"start":{"line":12,"column":11},"end":{"line":12,"column":22}},"loc":{"start":{"line":12,"column":32},"end":{"line":18,"column":3}},"line":12},"3":{"name":"characterCounter","decl":{"start":{"line":20,"column":11},"end":{"line":20,"column":27}},"loc":{"start":{"line":20,"column":37},"end":{"line":23,"column":3}},"line":20},"4":{"name":"sentencesCounter","decl":{"start":{"line":25,"column":11},"end":{"line":25,"column":27}},"loc":{"start":{"line":25,"column":37},"end":{"line":28,"column":3}},"line":25},"5":{"name":"paragraphsCounter","decl":{"start":{"line":30,"column":11},"end":{"line":30,"column":28}},"loc":{"start":{"line":30,"column":38},"end":{"line":36,"column":3}},"line":30}},"branchMap":{"0":{"loc":{"start":{"line":13,"column":4},"end":{"line":16,"column":5}},"type":"if","locations":[{"start":{"line":13,"column":4},"end":{"line":16,"column":5}},{"start":{},"end":{}}],"line":13},"1":{"loc":{"start":{"line":22,"column":11},"end":{"line":22,"column":34}},"type":"binary-expr","locations":[{"start":{"line":22,"column":11},"end":{"line":22,"column":29}},{"start":{"line":22,"column":33},"end":{"line":22,"column":34}}],"line":22},"2":{"loc":{"start":{"line":27,"column":11},"end":{"line":27,"column":33}},"type":"binary-expr","locations":[{"start":{"line":27,"column":11},"end":{"line":27,"column":28}},{"start":{"line":27,"column":32},"end":{"line":27,"column":33}}],"line":27},"3":{"loc":{"start":{"line":31,"column":4},"end":{"line":34,"column":5}},"type":"if","locations":[{"start":{"line":31,"column":4},"end":{"line":34,"column":5}},{"start":{},"end":{}}],"line":31}},"s":{"0":3,"1":3,"2":0,"3":3,"4":0,"5":0,"6":3,"7":3,"8":3,"9":3,"10":3,"11":3,"12":0,"13":0,"14":3,"15":3},"f":{"0":3,"1":0,"2":3,"3":3,"4":3,"5":3},"b":{"0":[0,3],"1":[3,0],"2":[3,3],"3":[0,3]},"_coverageSchema":"1a1c01bbd47fc00a2c39e90264f33305004495a9","hash":"9db1d1beac30fa08094b6f165d2880170302443a"}
,"/Users/norton/workspace/personal/react/react-vite-bootstrap/src/components/text-analyzer/Counter.jsx": {"path":"/Users/norton/workspace/personal/react/react-vite-bootstrap/src/components/text-analyzer/Counter.jsx","statementMap":{"0":{"start":{"line":2,"column":16},"end":{"line":9,"column":1}},"1":{"start":{"line":3,"column":2},"end":{"line":8,"column":4}},"2":{"start":{"line":11,"column":0},"end":{"line":14,"column":2}}},"fnMap":{"0":{"name":"(anonymous_0)","decl":{"start":{"line":2,"column":16},"end":{"line":2,"column":17}},"loc":{"start":{"line":2,"column":40},"end":{"line":9,"column":1}},"line":2}},"branchMap":{},"s":{"0":4,"1":13,"2":4},"f":{"0":13},"b":{},"_coverageSchema":"1a1c01bbd47fc00a2c39e90264f33305004495a9","hash":"3fac9955d7fec95cf866040831a0445f00681051"}
,"/Users/norton/workspace/personal/react/react-vite-bootstrap/src/layouts/MainLayout.jsx": {"path":"/Users/norton/workspace/personal/react/react-vite-bootstrap/src/layouts/MainLayout.jsx","statementMap":{"0":{"start":{"line":5,"column":19},"end":{"line":13,"column":1}},"1":{"start":{"line":6,"column":2},"end":{"line":12,"column":4}}},"fnMap":{"0":{"name":"(anonymous_0)","decl":{"start":{"line":5,"column":19},"end":{"line":5,"column":20}},"loc":{"start":{"line":5,"column":25},"end":{"line":13,"column":1}},"line":5}},"branchMap":{},"s":{"0":1,"1":1},"f":{"0":1},"b":{},"_coverageSchema":"1a1c01bbd47fc00a2c39e90264f33305004495a9","hash":"622251e15089b3aa8ea50ffd8df2cb1e83aeb6a5"}
,"/Users/norton/workspace/personal/react/react-vite-bootstrap/src/routes/About.jsx": {"path":"/Users/norton/workspace/personal/react/react-vite-bootstrap/src/routes/About.jsx","statementMap":{"0":{"start":{"line":3,"column":14},"end":{"line":9,"column":1}},"1":{"start":{"line":4,"column":2},"end":{"line":8,"column":4}}},"fnMap":{"0":{"name":"(anonymous_0)","decl":{"start":{"line":3,"column":14},"end":{"line":3,"column":15}},"loc":{"start":{"line":3,"column":20},"end":{"line":9,"column":1}},"line":3}},"branchMap":{},"s":{"0":2,"1":2},"f":{"0":2},"b":{},"_coverageSchema":"1a1c01bbd47fc00a2c39e90264f33305004495a9","hash":"685f8119d3230ccd02324c0a4f530e82ad4d03cb"}
,"/Users/norton/workspace/personal/react/react-vite-bootstrap/src/routes/Form.jsx": {"path":"/Users/norton/workspace/personal/react/react-vite-bootstrap/src/routes/Form.jsx","statementMap":{"0":{"start":{"line":5,"column":13},"end":{"line":26,"column":1}},"1":{"start":{"line":6,"column":28},"end":{"line":6,"column":40}},"2":{"start":{"line":7,"column":2},"end":{"line":25,"column":4}},"3":{"start":{"line":17,"column":29},"end":{"line":17,"column":53}}},"fnMap":{"0":{"name":"(anonymous_0)","decl":{"start":{"line":5,"column":13},"end":{"line":5,"column":14}},"loc":{"start":{"line":5,"column":19},"end":{"line":26,"column":1}},"line":5},"1":{"name":"(anonymous_1)","decl":{"start":{"line":17,"column":22},"end":{"line":17,"column":23}},"loc":{"start":{"line":17,"column":29},"end":{"line":17,"column":53}},"line":17}},"branchMap":{},"s":{"0":1,"1":0,"2":0,"3":0},"f":{"0":0,"1":0},"b":{},"_coverageSchema":"1a1c01bbd47fc00a2c39e90264f33305004495a9","hash":"a77e45b7c6ec9d0c5a7ee1be547cc3563595a0f9"}
,"/Users/norton/workspace/personal/react/react-vite-bootstrap/src/routes/Home.jsx": {"path":"/Users/norton/workspace/personal/react/react-vite-bootstrap/src/routes/Home.jsx","statementMap":{"0":{"start":{"line":2,"column":13},"end":{"line":8,"column":1}},"1":{"start":{"line":3,"column":2},"end":{"line":7,"column":4}}},"fnMap":{"0":{"name":"(anonymous_0)","decl":{"start":{"line":2,"column":13},"end":{"line":2,"column":14}},"loc":{"start":{"line":2,"column":19},"end":{"line":8,"column":1}},"line":2}},"branchMap":{},"s":{"0":2,"1":3},"f":{"0":3},"b":{},"_coverageSchema":"1a1c01bbd47fc00a2c39e90264f33305004495a9","hash":"5fbdc6583c9628caf88b397a74dd0ad3e43c7b2a"}
,"/Users/norton/workspace/personal/react/react-vite-bootstrap/src/routes/TextAnalyzer.jsx": {"path":"/Users/norton/workspace/personal/react/react-vite-bootstrap/src/routes/TextAnalyzer.jsx","statementMap":{"0":{"start":{"line":3,"column":21},"end":{"line":9,"column":1}},"1":{"start":{"line":4,"column":2},"end":{"line":8,"column":4}}},"fnMap":{"0":{"name":"(anonymous_0)","decl":{"start":{"line":3,"column":21},"end":{"line":3,"column":22}},"loc":{"start":{"line":3,"column":27},"end":{"line":9,"column":1}},"line":3}},"branchMap":{},"s":{"0":2,"1":2},"f":{"0":2},"b":{},"_coverageSchema":"1a1c01bbd47fc00a2c39e90264f33305004495a9","hash":"b7fa7f8e3b1800f816fff15d9c0d2d8610bf5837"}
}
