TN:
SF:src/App.jsx
FN:11,App
FNF:1
FNH:1
FNDA:1,App
DA:12,1
LF:1
LH:1
BRF:0
BRH:0
end_of_record
TN:
SF:src/components/Button.jsx
FN:4,(anonymous_0)
FNF:1
FNH:1
FNDA:2,(anonymous_0)
DA:4,2
DA:5,2
DA:16,2
LF:3
LH:3
BRDA:8,0,0,0
BRDA:8,0,1,2
BRDA:11,1,0,1
BRDA:11,1,1,1
BRF:4
BRH:3
end_of_record
TN:
SF:src/components/Footer.jsx
FN:2,(anonymous_0)
FNF:1
FNH:1
FNDA:2,(anonymous_0)
DA:2,2
DA:4,2
LF:2
LH:2
BRF:0
BRH:0
end_of_record
TN:
SF:src/components/Header.jsx
FN:2,(anonymous_0)
FNF:1
FNH:1
FNDA:2,(anonymous_0)
DA:2,2
DA:4,2
LF:2
LH:2
BRF:0
BRH:0
end_of_record
TN:
SF:src/components/Input.jsx
FN:3,(anonymous_0)
FNF:1
FNH:1
FNDA:3,(anonymous_0)
DA:3,2
DA:4,3
DA:24,2
LF:3
LH:3
BRDA:11,0,0,0
BRDA:11,0,1,3
BRF:2
BRH:1
end_of_record
TN:
SF:src/components/NotFound.jsx
FN:3,(anonymous_0)
FNF:1
FNH:0
FNDA:0,(anonymous_0)
DA:3,2
DA:4,0
DA:5,0
DA:6,0
LF:4
LH:1
BRDA:10,0,0,0
BRDA:10,0,1,0
BRF:2
BRH:0
end_of_record
TN:
SF:src/components/Textarea.jsx
FN:3,(anonymous_0)
FN:10,(anonymous_1)
FNF:2
FNH:2
FNDA:5,(anonymous_0)
FNDA:1,(anonymous_1)
DA:3,4
DA:4,5
DA:10,1
DA:17,4
LF:4
LH:4
BRF:0
BRH:0
end_of_record
TN:
SF:src/components/text-analyzer/Analyzer.jsx
FN:5,(anonymous_0)
FN:8,onChangeText
FN:12,wordCounter
FN:20,characterCounter
FN:25,sentencesCounter
FN:30,paragraphsCounter
FNF:6
FNH:5
FNDA:3,(anonymous_0)
FNDA:0,onChangeText
FNDA:3,wordCounter
FNDA:3,characterCounter
FNDA:3,sentencesCounter
FNDA:3,paragraphsCounter
DA:5,3
DA:6,3
DA:9,0
DA:13,3
DA:14,0
DA:15,0
DA:17,3
DA:21,3
DA:22,3
DA:26,3
DA:27,3
DA:31,3
DA:32,0
DA:33,0
DA:35,3
DA:38,3
LF:16
LH:11
BRDA:13,0,0,0
BRDA:13,0,1,3
BRDA:22,1,0,3
BRDA:22,1,1,0
BRDA:27,2,0,3
BRDA:27,2,1,3
BRDA:31,3,0,0
BRDA:31,3,1,3
BRF:8
BRH:5
end_of_record
TN:
SF:src/components/text-analyzer/Counter.jsx
FN:2,(anonymous_0)
FNF:1
FNH:1
FNDA:13,(anonymous_0)
DA:2,4
DA:3,13
DA:11,4
LF:3
LH:3
BRF:0
BRH:0
end_of_record
TN:
SF:src/layouts/MainLayout.jsx
FN:5,(anonymous_0)
FNF:1
FNH:1
FNDA:1,(anonymous_0)
DA:5,1
DA:6,1
LF:2
LH:2
BRF:0
BRH:0
end_of_record
TN:
SF:src/routes/About.jsx
FN:3,(anonymous_0)
FNF:1
FNH:1
FNDA:2,(anonymous_0)
DA:3,2
DA:4,2
LF:2
LH:2
BRF:0
BRH:0
end_of_record
TN:
SF:src/routes/Form.jsx
FN:5,(anonymous_0)
FN:17,(anonymous_1)
FNF:2
FNH:0
FNDA:0,(anonymous_0)
FNDA:0,(anonymous_1)
DA:5,1
DA:6,0
DA:7,0
DA:17,0
LF:4
LH:1
BRF:0
BRH:0
end_of_record
TN:
SF:src/routes/Home.jsx
FN:2,(anonymous_0)
FNF:1
FNH:1
FNDA:3,(anonymous_0)
DA:2,2
DA:3,3
LF:2
LH:2
BRF:0
BRH:0
end_of_record
TN:
SF:src/routes/TextAnalyzer.jsx
FN:3,(anonymous_0)
FNF:1
FNH:1
FNDA:2,(anonymous_0)
DA:3,2
DA:4,2
LF:2
LH:2
BRF:0
BRH:0
end_of_record
